<?xml version="1.0" encoding="UTF-8"?>
<testsuite name="com.example.memo.MemoApplicationTests" tests="1" skipped="0" failures="0" errors="0" timestamp="2023-08-28T06:35:41" hostname="DESKTOP-FF68MM5" time="0.571">
  <properties/>
  <testcase name="contextLoads()" classname="com.example.memo.MemoApplicationTests" time="0.571"/>
  <system-out><![CDATA[15:35:37.124 [Test worker] INFO org.springframework.test.context.support.AnnotationConfigContextLoaderUtils -- Could not detect default configuration classes for test class [com.example.memo.MemoApplicationTests]: MemoApplicationTests does not declare any static, non-private, non-final, nested classes annotated with @Configuration.
15:35:37.221 [Test worker] INFO org.springframework.boot.test.context.SpringBootTestContextBootstrapper -- Found @SpringBootConfiguration com.example.memo.MemoApplication for test class com.example.memo.MemoApplicationTests

  .   ____          _            __ _ _
 /\\ / ___'_ __ _ _(_)_ __  __ _ \ \ \ \
( ( )\___ | '_ | '_| | '_ \/ _` | \ \ \ \
 \\/  ___)| |_)| | | | | || (_| |  ) ) ) )
  '  |____| .__|_| |_|_| |_\__, | / / / /
 =========|_|==============|___/=/_/_/_/
 :: Spring Boot ::                (v3.1.3)

2023-08-28T15:35:37.639+09:00  INFO 19960 --- [    Test worker] com.example.memo.MemoApplicationTests    : Starting MemoApplicationTests using Java 17.0.8 with PID 19960 (started by Administrator in C:\LocalWorkSpace\Java\Spring\memo)
2023-08-28T15:35:37.640+09:00  INFO 19960 --- [    Test worker] com.example.memo.MemoApplicationTests    : No active profile set, falling back to 1 default profile: "default"
2023-08-28T15:35:38.279+09:00  INFO 19960 --- [    Test worker] .s.d.r.c.RepositoryConfigurationDelegate : Bootstrapping Spring Data JPA repositories in DEFAULT mode.
2023-08-28T15:35:38.338+09:00  INFO 19960 --- [    Test worker] .s.d.r.c.RepositoryConfigurationDelegate : Finished Spring Data repository scanning in 48 ms. Found 1 JPA repository interfaces.
2023-08-28T15:35:38.789+09:00  INFO 19960 --- [    Test worker] o.hibernate.jpa.internal.util.LogHelper  : HHH000204: Processing PersistenceUnitInfo [name: default]
2023-08-28T15:35:38.850+09:00  INFO 19960 --- [    Test worker] org.hibernate.Version                    : HHH000412: Hibernate ORM core version 6.2.7.Final
2023-08-28T15:35:38.853+09:00  INFO 19960 --- [    Test worker] org.hibernate.cfg.Environment            : HHH000406: Using bytecode reflection optimizer
2023-08-28T15:35:38.997+09:00  INFO 19960 --- [    Test worker] o.h.b.i.BytecodeProviderInitiator        : HHH000021: Bytecode provider name : bytebuddy
2023-08-28T15:35:39.135+09:00  INFO 19960 --- [    Test worker] o.s.o.j.p.SpringPersistenceUnitInfo      : No LoadTimeWeaver setup: ignoring JPA class transformer
2023-08-28T15:35:39.151+09:00  INFO 19960 --- [    Test worker] com.zaxxer.hikari.HikariDataSource       : HikariPool-1 - Starting...
2023-08-28T15:35:39.301+09:00  INFO 19960 --- [    Test worker] com.zaxxer.hikari.pool.HikariPool        : HikariPool-1 - Added connection com.mysql.cj.jdbc.ConnectionImpl@360d41d0
2023-08-28T15:35:39.303+09:00  INFO 19960 --- [    Test worker] com.zaxxer.hikari.HikariDataSource       : HikariPool-1 - Start completed.
2023-08-28T15:35:39.345+09:00  WARN 19960 --- [    Test worker] org.hibernate.orm.deprecation            : HHH90000026: MySQL8Dialect has been deprecated; use org.hibernate.dialect.MySQLDialect instead
2023-08-28T15:35:39.560+09:00  INFO 19960 --- [    Test worker] o.h.b.i.BytecodeProviderInitiator        : HHH000021: Bytecode provider name : bytebuddy
2023-08-28T15:35:40.105+09:00  INFO 19960 --- [    Test worker] o.h.e.t.j.p.i.JtaPlatformInitiator       : HHH000490: Using JtaPlatform implementation: [org.hibernate.engine.transaction.jta.platform.internal.NoJtaPlatform]
Hibernate: 
    drop table if exists memodt
Hibernate: 
    drop table if exists memodt_seq
Hibernate: 
    create table memodt (
        created_at datetime(6),
        id bigint not null,
        modified_at datetime(6),
        contents varchar(255),
        username varchar(255) not null,
        primary key (id)
    ) engine=InnoDB
Hibernate: 
    create table memodt_seq (
        next_val bigint
    ) engine=InnoDB
Hibernate: 
    insert into memodt_seq values ( 1 )
2023-08-28T15:35:40.177+09:00  INFO 19960 --- [    Test worker] j.LocalContainerEntityManagerFactoryBean : Initialized JPA EntityManagerFactory for persistence unit 'default'
2023-08-28T15:35:40.647+09:00  WARN 19960 --- [    Test worker] JpaBaseConfiguration$JpaWebConfiguration : spring.jpa.open-in-view is enabled by default. Therefore, database queries may be performed during view rendering. Explicitly configure spring.jpa.open-in-view to disable this warning
2023-08-28T15:35:40.883+09:00  INFO 19960 --- [    Test worker] o.s.b.a.w.s.WelcomePageHandlerMapping    : Adding welcome page: class path resource [static/index.html]
2023-08-28T15:35:41.123+09:00  INFO 19960 --- [    Test worker] com.example.memo.MemoApplicationTests    : Started MemoApplicationTests in 3.705 seconds (process running for 4.844)
]]></system-out>
  <system-err><![CDATA[]]></system-err>
</testsuite>
